Started GET "/" for ::1 at 2024-10-29 23:49:09 +0300
  [1m[35m (0.7ms)[0m  [1m[35mCREATE TABLE "schema_migrations" ("version" varchar NOT NULL PRIMARY KEY) /*application='Rediz'*/[0m
  [1m[35m (0.2ms)[0m  [1m[35mCREATE TABLE "ar_internal_metadata" ("key" varchar NOT NULL PRIMARY KEY, "value" varchar, "created_at" datetime(6) NOT NULL, "updated_at" datetime(6) NOT NULL) /*application='Rediz'*/[0m
  [1m[36mActiveRecord::SchemaMigration Load (0.1ms)[0m  [1m[34mSELECT "schema_migrations"."version" FROM "schema_migrations" ORDER BY "schema_migrations"."version" ASC /*application='Rediz'*/[0m
Processing by Rails::WelcomeController#index as HTML
  Rendering /Users/alinagabueva/.asdf/installs/ruby/3.3.5/lib/ruby/gems/3.3.0/gems/railties-8.0.0.rc1/lib/rails/templates/rails/welcome/index.html.erb
  Rendered /Users/alinagabueva/.asdf/installs/ruby/3.3.5/lib/ruby/gems/3.3.0/gems/railties-8.0.0.rc1/lib/rails/templates/rails/welcome/index.html.erb (Duration: 0.8ms | GC: 0.0ms)
Completed 200 OK in 177ms (Views: 10.5ms | ActiveRecord: 0.0ms (0 queries, 0 cached) | GC: 0.0ms)


Started GET "/" for ::1 at 2024-10-30 00:49:26 +0300
Processing by LandingController#index as HTML
Completed 500 Internal Server Error in 128ms (ActiveRecord: 1.5ms (0 queries, 0 cached) | GC: 1.1ms)


  
ActiveRecord::StatementInvalid (Could not find table 'contacts'):
  
app/controllers/landing_controller.rb:3:in `index'
Started GET "/favicon.ico" for ::1 at 2024-10-30 00:49:27 +0300
  
ActionController::RoutingError (No route matches [GET] "/favicon.ico"):
  
  [1m[36mActiveRecord::InternalMetadata Load (0.7ms)[0m  [1m[34mSELECT * FROM "ar_internal_metadata" WHERE "ar_internal_metadata"."key" = 'environment' ORDER BY "ar_internal_metadata"."key" ASC LIMIT 1 /*application='Rediz'*/[0m
  [1m[36mActiveRecord::InternalMetadata Create (2.0ms)[0m  [1m[32mINSERT INTO "ar_internal_metadata" ("key", "value", "created_at", "updated_at") VALUES ('environment', 'development', '2024-10-29 21:51:29.435622', '2024-10-29 21:51:29.435626') RETURNING "key" /*application='Rediz'*/[0m
  [1m[36mActiveRecord::SchemaMigration Load (0.1ms)[0m  [1m[34mSELECT "schema_migrations"."version" FROM "schema_migrations" ORDER BY "schema_migrations"."version" ASC /*application='Rediz'*/[0m
Started GET "/" for ::1 at 2024-10-30 00:51:48 +0300
  [1m[36mActiveRecord::SchemaMigration Load (0.1ms)[0m  [1m[34mSELECT "schema_migrations"."version" FROM "schema_migrations" ORDER BY "schema_migrations"."version" ASC /*application='Rediz'*/[0m
Processing by LandingController#index as HTML
Completed 500 Internal Server Error in 169ms (ActiveRecord: 1.2ms (0 queries, 0 cached) | GC: 21.5ms)


  
ActiveRecord::StatementInvalid (Could not find table 'contacts'):
  
app/controllers/landing_controller.rb:3:in `index'
Started GET "/" for ::1 at 2024-10-30 00:55:09 +0300
Processing by LandingController#index as HTML
Completed 500 Internal Server Error in 65ms (ActiveRecord: 0.9ms (0 queries, 0 cached) | GC: 0.4ms)


  
ActiveRecord::StatementInvalid (Could not find table 'contacts'):
  
app/controllers/landing_controller.rb:3:in `index'
  [1m[36mActiveRecord::InternalMetadata Load (0.1ms)[0m  [1m[34mSELECT * FROM "ar_internal_metadata" WHERE "ar_internal_metadata"."key" = 'environment' ORDER BY "ar_internal_metadata"."key" ASC LIMIT 1 /*application='Rediz'*/[0m
  [1m[36mActiveRecord::SchemaMigration Load (0.1ms)[0m  [1m[34mSELECT "schema_migrations"."version" FROM "schema_migrations" ORDER BY "schema_migrations"."version" ASC /*application='Rediz'*/[0m
  [1m[36mActiveRecord::SchemaMigration Load (0.1ms)[0m  [1m[34mSELECT "schema_migrations"."version" FROM "schema_migrations" ORDER BY "schema_migrations"."version" ASC /*application='Rediz'*/[0m
  [1m[36mActiveRecord::SchemaMigration Load (0.0ms)[0m  [1m[34mSELECT "schema_migrations"."version" FROM "schema_migrations" ORDER BY "schema_migrations"."version" ASC /*application='Rediz'*/[0m
  [1m[35m (0.8ms)[0m  [1m[35mCREATE TABLE "schema_migrations" ("version" varchar NOT NULL PRIMARY KEY) /*application='Rediz'*/[0m
  [1m[36mActiveRecord::SchemaMigration Load (0.1ms)[0m  [1m[34mSELECT "schema_migrations"."version" FROM "schema_migrations" ORDER BY "schema_migrations"."version" ASC /*application='Rediz'*/[0m
  [1m[35m (0.1ms)[0m  [1m[32mINSERT INTO "schema_migrations" (version) VALUES (0) /*application='Rediz'*/[0m
  [1m[35m (0.2ms)[0m  [1m[35mCREATE TABLE "ar_internal_metadata" ("key" varchar NOT NULL PRIMARY KEY, "value" varchar, "created_at" datetime(6) NOT NULL, "updated_at" datetime(6) NOT NULL) /*application='Rediz'*/[0m
  [1m[36mActiveRecord::InternalMetadata Load (0.1ms)[0m  [1m[34mSELECT * FROM "ar_internal_metadata" WHERE "ar_internal_metadata"."key" = 'environment' ORDER BY "ar_internal_metadata"."key" ASC LIMIT 1 /*application='Rediz'*/[0m
  [1m[36mActiveRecord::InternalMetadata Create (0.2ms)[0m  [1m[32mINSERT INTO "ar_internal_metadata" ("key", "value", "created_at", "updated_at") VALUES ('environment', 'development', '2024-10-29 21:59:12.648352', '2024-10-29 21:59:12.648355') RETURNING "key" /*application='Rediz'*/[0m
  [1m[36mActiveRecord::InternalMetadata Load (0.1ms)[0m  [1m[34mSELECT * FROM "ar_internal_metadata" WHERE "ar_internal_metadata"."key" = 'environment' ORDER BY "ar_internal_metadata"."key" ASC LIMIT 1 /*application='Rediz'*/[0m
  [1m[36mActiveRecord::InternalMetadata Load (0.1ms)[0m  [1m[34mSELECT * FROM "ar_internal_metadata" WHERE "ar_internal_metadata"."key" = 'schema_sha1' ORDER BY "ar_internal_metadata"."key" ASC LIMIT 1 /*application='Rediz'*/[0m
  [1m[36mActiveRecord::InternalMetadata Create (0.1ms)[0m  [1m[32mINSERT INTO "ar_internal_metadata" ("key", "value", "created_at", "updated_at") VALUES ('schema_sha1', '304fe853693c8703e374a9e1a59433c7d63e9ef6', '2024-10-29 21:59:12.651000', '2024-10-29 21:59:12.651001') RETURNING "key" /*application='Rediz'*/[0m
  [1m[36mActiveRecord::InternalMetadata Load (0.1ms)[0m  [1m[34mSELECT * FROM "ar_internal_metadata" WHERE "ar_internal_metadata"."key" = 'environment' ORDER BY "ar_internal_metadata"."key" ASC LIMIT 1 /*application='Rediz'*/[0m
  [1m[36mActiveRecord::SchemaMigration Load (0.1ms)[0m  [1m[34mSELECT "schema_migrations"."version" FROM "schema_migrations" ORDER BY "schema_migrations"."version" ASC /*application='Rediz'*/[0m
Started GET "/" for ::1 at 2024-10-30 00:59:35 +0300
  [1m[36mActiveRecord::SchemaMigration Load (0.2ms)[0m  [1m[34mSELECT "schema_migrations"."version" FROM "schema_migrations" ORDER BY "schema_migrations"."version" ASC /*application='Rediz'*/[0m
Processing by LandingController#index as HTML
Completed 500 Internal Server Error in 166ms (ActiveRecord: 1.4ms (0 queries, 0 cached) | GC: 15.7ms)


  
ActiveRecord::StatementInvalid (Could not find table 'contacts'):
  
app/controllers/landing_controller.rb:3:in `index'
  [1m[36mActiveRecord::SchemaMigration Load (0.1ms)[0m  [1m[34mSELECT "schema_migrations"."version" FROM "schema_migrations" ORDER BY "schema_migrations"."version" ASC /*application='Rediz'*/[0m
  [1m[36mActiveRecord::SchemaMigration Load (0.0ms)[0m  [1m[34mSELECT "schema_migrations"."version" FROM "schema_migrations" ORDER BY "schema_migrations"."version" ASC /*application='Rediz'*/[0m
  [1m[36mActiveRecord::SchemaMigration Load (0.1ms)[0m  [1m[34mSELECT "schema_migrations"."version" FROM "schema_migrations" ORDER BY "schema_migrations"."version" ASC /*application='Rediz'*/[0m
  [1m[36mActiveRecord::InternalMetadata Load (0.1ms)[0m  [1m[34mSELECT * FROM "ar_internal_metadata" WHERE "ar_internal_metadata"."key" = 'environment' ORDER BY "ar_internal_metadata"."key" ASC LIMIT 1 /*application='Rediz'*/[0m
  [1m[36mActiveRecord::InternalMetadata Load (0.1ms)[0m  [1m[34mSELECT * FROM "ar_internal_metadata" WHERE "ar_internal_metadata"."key" = 'environment' ORDER BY "ar_internal_metadata"."key" ASC LIMIT 1 /*application='Rediz'*/[0m
  [1m[36mActiveRecord::InternalMetadata Load (0.1ms)[0m  [1m[34mSELECT * FROM "ar_internal_metadata" WHERE "ar_internal_metadata"."key" = 'schema_sha1' ORDER BY "ar_internal_metadata"."key" ASC LIMIT 1 /*application='Rediz'*/[0m
  [1m[35m (0.7ms)[0m  [1m[35mCREATE TABLE "schema_migrations" ("version" varchar NOT NULL PRIMARY KEY) /*application='Rediz'*/[0m
  [1m[36mActiveRecord::SchemaMigration Load (0.1ms)[0m  [1m[34mSELECT "schema_migrations"."version" FROM "schema_migrations" ORDER BY "schema_migrations"."version" ASC /*application='Rediz'*/[0m
  [1m[35m (0.1ms)[0m  [1m[32mINSERT INTO "schema_migrations" (version) VALUES (0) /*application='Rediz'*/[0m
  [1m[35m (0.2ms)[0m  [1m[35mCREATE TABLE "ar_internal_metadata" ("key" varchar NOT NULL PRIMARY KEY, "value" varchar, "created_at" datetime(6) NOT NULL, "updated_at" datetime(6) NOT NULL) /*application='Rediz'*/[0m
  [1m[36mActiveRecord::InternalMetadata Load (0.1ms)[0m  [1m[34mSELECT * FROM "ar_internal_metadata" WHERE "ar_internal_metadata"."key" = 'environment' ORDER BY "ar_internal_metadata"."key" ASC LIMIT 1 /*application='Rediz'*/[0m
  [1m[36mActiveRecord::InternalMetadata Create (0.2ms)[0m  [1m[32mINSERT INTO "ar_internal_metadata" ("key", "value", "created_at", "updated_at") VALUES ('environment', 'development', '2024-10-29 22:01:00.055059', '2024-10-29 22:01:00.055061') RETURNING "key" /*application='Rediz'*/[0m
  [1m[36mActiveRecord::InternalMetadata Load (0.1ms)[0m  [1m[34mSELECT * FROM "ar_internal_metadata" WHERE "ar_internal_metadata"."key" = 'environment' ORDER BY "ar_internal_metadata"."key" ASC LIMIT 1 /*application='Rediz'*/[0m
  [1m[36mActiveRecord::InternalMetadata Update (0.1ms)[0m  [1m[33mUPDATE "ar_internal_metadata" SET "value" = 'test', "updated_at" = '2024-10-29 22:01:00.056952' WHERE "ar_internal_metadata"."key" = 'environment' /*application='Rediz'*/[0m
  [1m[36mActiveRecord::InternalMetadata Load (0.1ms)[0m  [1m[34mSELECT * FROM "ar_internal_metadata" WHERE "ar_internal_metadata"."key" = 'schema_sha1' ORDER BY "ar_internal_metadata"."key" ASC LIMIT 1 /*application='Rediz'*/[0m
  [1m[36mActiveRecord::InternalMetadata Create (0.1ms)[0m  [1m[32mINSERT INTO "ar_internal_metadata" ("key", "value", "created_at", "updated_at") VALUES ('schema_sha1', '304fe853693c8703e374a9e1a59433c7d63e9ef6', '2024-10-29 22:01:00.058398', '2024-10-29 22:01:00.058399') RETURNING "key" /*application='Rediz'*/[0m
  [1m[36mActiveRecord::SchemaMigration Load (0.1ms)[0m  [1m[34mSELECT "schema_migrations"."version" FROM "schema_migrations" ORDER BY "schema_migrations"."version" ASC /*application='Rediz'*/[0m
  [1m[36mActiveRecord::SchemaMigration Load (0.1ms)[0m  [1m[34mSELECT "schema_migrations"."version" FROM "schema_migrations" ORDER BY "schema_migrations"."version" ASC /*application='Rediz'*/[0m
  [1m[35m (0.8ms)[0m  [1m[35mCREATE TABLE "schema_migrations" ("version" varchar NOT NULL PRIMARY KEY) /*application='Rediz'*/[0m
  [1m[36mActiveRecord::SchemaMigration Load (0.1ms)[0m  [1m[34mSELECT "schema_migrations"."version" FROM "schema_migrations" ORDER BY "schema_migrations"."version" ASC /*application='Rediz'*/[0m
  [1m[35m (0.1ms)[0m  [1m[32mINSERT INTO "schema_migrations" (version) VALUES (0) /*application='Rediz'*/[0m
  [1m[35m (0.2ms)[0m  [1m[35mCREATE TABLE "ar_internal_metadata" ("key" varchar NOT NULL PRIMARY KEY, "value" varchar, "created_at" datetime(6) NOT NULL, "updated_at" datetime(6) NOT NULL) /*application='Rediz'*/[0m
  [1m[36mActiveRecord::InternalMetadata Load (0.1ms)[0m  [1m[34mSELECT * FROM "ar_internal_metadata" WHERE "ar_internal_metadata"."key" = 'environment' ORDER BY "ar_internal_metadata"."key" ASC LIMIT 1 /*application='Rediz'*/[0m
  [1m[36mActiveRecord::InternalMetadata Create (0.2ms)[0m  [1m[32mINSERT INTO "ar_internal_metadata" ("key", "value", "created_at", "updated_at") VALUES ('environment', 'development', '2024-10-29 22:01:13.278672', '2024-10-29 22:01:13.278675') RETURNING "key" /*application='Rediz'*/[0m
  [1m[36mActiveRecord::InternalMetadata Load (0.1ms)[0m  [1m[34mSELECT * FROM "ar_internal_metadata" WHERE "ar_internal_metadata"."key" = 'environment' ORDER BY "ar_internal_metadata"."key" ASC LIMIT 1 /*application='Rediz'*/[0m
  [1m[36mActiveRecord::InternalMetadata Load (0.1ms)[0m  [1m[34mSELECT * FROM "ar_internal_metadata" WHERE "ar_internal_metadata"."key" = 'schema_sha1' ORDER BY "ar_internal_metadata"."key" ASC LIMIT 1 /*application='Rediz'*/[0m
  [1m[36mActiveRecord::InternalMetadata Create (0.2ms)[0m  [1m[32mINSERT INTO "ar_internal_metadata" ("key", "value", "created_at", "updated_at") VALUES ('schema_sha1', '304fe853693c8703e374a9e1a59433c7d63e9ef6', '2024-10-29 22:01:13.281384', '2024-10-29 22:01:13.281386') RETURNING "key" /*application='Rediz'*/[0m
  [1m[36mActiveRecord::InternalMetadata Load (0.1ms)[0m  [1m[34mSELECT * FROM "ar_internal_metadata" WHERE "ar_internal_metadata"."key" = 'environment' ORDER BY "ar_internal_metadata"."key" ASC LIMIT 1 /*application='Rediz'*/[0m
  [1m[36mActiveRecord::SchemaMigration Load (0.1ms)[0m  [1m[34mSELECT "schema_migrations"."version" FROM "schema_migrations" ORDER BY "schema_migrations"."version" ASC /*application='Rediz'*/[0m
  [1m[36mActiveRecord::SchemaMigration Load (0.0ms)[0m  [1m[34mSELECT "schema_migrations"."version" FROM "schema_migrations" ORDER BY "schema_migrations"."version" ASC /*application='Rediz'*/[0m
Started GET "/" for ::1 at 2024-10-30 01:17:21 +0300
  [1m[36mActiveRecord::SchemaMigration Load (0.2ms)[0m  [1m[34mSELECT "schema_migrations"."version" FROM "schema_migrations" ORDER BY "schema_migrations"."version" ASC /*application='Rediz'*/[0m
Processing by LandingController#index as HTML
Completed 500 Internal Server Error in 177ms (ActiveRecord: 1.5ms (0 queries, 0 cached) | GC: 7.9ms)


  
ActiveRecord::StatementInvalid (Could not find table 'contacts'):
  
app/controllers/landing_controller.rb:3:in `index'
Started GET "/" for ::1 at 2024-10-30 01:18:50 +0300
Processing by LandingController#index as HTML
Completed 500 Internal Server Error in 66ms (ActiveRecord: 0.8ms (0 queries, 0 cached) | GC: 0.0ms)


  
ActiveRecord::StatementInvalid (Could not find table 'contacts'):
  
app/controllers/landing_controller.rb:3:in `index'
Started GET "/" for ::1 at 2024-10-30 01:19:19 +0300
Processing by LandingController#index as HTML
Completed 500 Internal Server Error in 68ms (ActiveRecord: 0.9ms (0 queries, 0 cached) | GC: 0.5ms)


  
ActiveRecord::StatementInvalid (Could not find table 'contacts'):
  
app/controllers/landing_controller.rb:3:in `index'
Started GET "/" for ::1 at 2024-10-30 01:19:22 +0300
Processing by LandingController#index as HTML
Completed 500 Internal Server Error in 68ms (ActiveRecord: 0.1ms (0 queries, 0 cached) | GC: 0.0ms)


  
ActiveRecord::StatementInvalid (Could not find table 'contacts'):
  
app/controllers/landing_controller.rb:3:in `index'
  [1m[36mActiveRecord::InternalMetadata Load (0.2ms)[0m  [1m[34mSELECT * FROM "ar_internal_metadata" WHERE "ar_internal_metadata"."key" = 'environment' ORDER BY "ar_internal_metadata"."key" ASC LIMIT 1 /*application='Rediz'*/[0m
  [1m[36mActiveRecord::SchemaMigration Load (0.1ms)[0m  [1m[34mSELECT "schema_migrations"."version" FROM "schema_migrations" ORDER BY "schema_migrations"."version" ASC /*application='Rediz'*/[0m
  [1m[36mActiveRecord::InternalMetadata Load (0.1ms)[0m  [1m[34mSELECT * FROM "ar_internal_metadata" WHERE "ar_internal_metadata"."key" = 'environment' ORDER BY "ar_internal_metadata"."key" ASC LIMIT 1 /*application='Rediz'*/[0m
  [1m[36mActiveRecord::SchemaMigration Load (0.1ms)[0m  [1m[34mSELECT "schema_migrations"."version" FROM "schema_migrations" ORDER BY "schema_migrations"."version" ASC /*application='Rediz'*/[0m
  [1m[36mActiveRecord::SchemaMigration Load (0.1ms)[0m  [1m[34mSELECT "schema_migrations"."version" FROM "schema_migrations" ORDER BY "schema_migrations"."version" ASC /*application='Rediz'*/[0m
Started GET "/" for ::1 at 2024-10-30 01:32:05 +0300
  [1m[36mActiveRecord::SchemaMigration Load (0.2ms)[0m  [1m[34mSELECT "schema_migrations"."version" FROM "schema_migrations" ORDER BY "schema_migrations"."version" ASC /*application='Rediz'*/[0m
  
ActiveRecord::PendingMigrationError (

Migrations are pending. To resolve this issue, run:

        bin/rails db:migrate

You have 2 pending migrations:

db/migrate/20241029223013_create_contact_messages.rb
db/migrate/20241029223039_create_contacts.rb


):
  
activerecord (8.0.0.rc1) lib/active_record/migration.rb:743:in `check_pending_migrations'
activerecord (8.0.0.rc1) lib/active_record/migration.rb:660:in `block (2 levels) in call'
activesupport (8.0.0.rc1) lib/active_support/file_update_checker.rb:85:in `execute'
activerecord (8.0.0.rc1) lib/active_record/migration.rb:665:in `block in call'
activerecord (8.0.0.rc1) lib/active_record/migration.rb:657:in `synchronize'
activerecord (8.0.0.rc1) lib/active_record/migration.rb:657:in `call'
actionpack (8.0.0.rc1) lib/action_dispatch/middleware/callbacks.rb:31:in `block in call'
activesupport (8.0.0.rc1) lib/active_support/callbacks.rb:100:in `run_callbacks'
actionpack (8.0.0.rc1) lib/action_dispatch/middleware/callbacks.rb:30:in `call'
actionpack (8.0.0.rc1) lib/action_dispatch/middleware/executor.rb:16:in `call'
actionpack (8.0.0.rc1) lib/action_dispatch/middleware/actionable_exceptions.rb:18:in `call'
actionpack (8.0.0.rc1) lib/action_dispatch/middleware/debug_exceptions.rb:31:in `call'
web-console (4.2.1) lib/web_console/middleware.rb:132:in `call_app'
web-console (4.2.1) lib/web_console/middleware.rb:28:in `block in call'
web-console (4.2.1) lib/web_console/middleware.rb:17:in `catch'
web-console (4.2.1) lib/web_console/middleware.rb:17:in `call'
actionpack (8.0.0.rc1) lib/action_dispatch/middleware/show_exceptions.rb:32:in `call'
railties (8.0.0.rc1) lib/rails/rack/logger.rb:41:in `call_app'
railties (8.0.0.rc1) lib/rails/rack/logger.rb:29:in `call'
actionpack (8.0.0.rc1) lib/action_dispatch/middleware/remote_ip.rb:96:in `call'
actionpack (8.0.0.rc1) lib/action_dispatch/middleware/request_id.rb:34:in `call'
rack (3.1.8) lib/rack/method_override.rb:28:in `call'
rack (3.1.8) lib/rack/runtime.rb:24:in `call'
actionpack (8.0.0.rc1) lib/action_dispatch/middleware/server_timing.rb:61:in `block in call'
actionpack (8.0.0.rc1) lib/action_dispatch/middleware/server_timing.rb:26:in `collect_events'
actionpack (8.0.0.rc1) lib/action_dispatch/middleware/server_timing.rb:60:in `call'
actionpack (8.0.0.rc1) lib/action_dispatch/middleware/executor.rb:16:in `call'
actionpack (8.0.0.rc1) lib/action_dispatch/middleware/static.rb:27:in `call'
rack (3.1.8) lib/rack/sendfile.rb:114:in `call'
actionpack (8.0.0.rc1) lib/action_dispatch/middleware/host_authorization.rb:143:in `call'
railties (8.0.0.rc1) lib/rails/engine.rb:535:in `call'
puma (6.4.3) lib/puma/configuration.rb:272:in `call'
puma (6.4.3) lib/puma/request.rb:100:in `block in handle_request'
puma (6.4.3) lib/puma/thread_pool.rb:378:in `with_force_shutdown'
puma (6.4.3) lib/puma/request.rb:99:in `handle_request'
puma (6.4.3) lib/puma/server.rb:464:in `process_client'
puma (6.4.3) lib/puma/server.rb:245:in `block in run'
puma (6.4.3) lib/puma/thread_pool.rb:155:in `block in spawn_thread'
  [1m[36mActiveRecord::InternalMetadata Load (0.1ms)[0m  [1m[34mSELECT * FROM "ar_internal_metadata" WHERE "ar_internal_metadata"."key" = 'environment' ORDER BY "ar_internal_metadata"."key" ASC LIMIT 1 /*application='Rediz'*/[0m
  [1m[36mActiveRecord::SchemaMigration Load (0.1ms)[0m  [1m[34mSELECT "schema_migrations"."version" FROM "schema_migrations" ORDER BY "schema_migrations"."version" ASC /*application='Rediz'*/[0m
Migrating to CreateContactMessages (20241029223013)
  [1m[36mTRANSACTION (0.1ms)[0m  [1m[35mBEGIN immediate TRANSACTION /*application='Rediz'*/[0m
  [1m[35m (1.4ms)[0m  [1m[35mCREATE TABLE "contact_messages" ("id" integer PRIMARY KEY AUTOINCREMENT NOT NULL, "email" varchar, "message" text, "created_at" datetime(6) NOT NULL, "updated_at" datetime(6) NOT NULL) /*application='Rediz'*/[0m
  [1m[36mActiveRecord::SchemaMigration Create (0.2ms)[0m  [1m[32mINSERT INTO "schema_migrations" ("version") VALUES ('20241029223013') RETURNING "version" /*application='Rediz'*/[0m
  [1m[36mTRANSACTION (0.5ms)[0m  [1m[35mCOMMIT TRANSACTION /*application='Rediz'*/[0m
Migrating to CreateContacts (20241029223039)
  [1m[36mTRANSACTION (0.0ms)[0m  [1m[35mBEGIN immediate TRANSACTION /*application='Rediz'*/[0m
  [1m[35m (1.0ms)[0m  [1m[35mCREATE TABLE "contacts" ("id" integer PRIMARY KEY AUTOINCREMENT NOT NULL, "email" varchar, "message" text, "created_at" datetime(6) NOT NULL, "updated_at" datetime(6) NOT NULL) /*application='Rediz'*/[0m
  [1m[36mActiveRecord::SchemaMigration Create (0.1ms)[0m  [1m[32mINSERT INTO "schema_migrations" ("version") VALUES ('20241029223039') RETURNING "version" /*application='Rediz'*/[0m
  [1m[36mTRANSACTION (0.1ms)[0m  [1m[35mCOMMIT TRANSACTION /*application='Rediz'*/[0m
  [1m[36mActiveRecord::SchemaMigration Load (0.1ms)[0m  [1m[34mSELECT "schema_migrations"."version" FROM "schema_migrations" ORDER BY "schema_migrations"."version" ASC /*application='Rediz'*/[0m
  [1m[36mActiveRecord::InternalMetadata Load (0.1ms)[0m  [1m[34mSELECT * FROM "ar_internal_metadata" WHERE "ar_internal_metadata"."key" = 'environment' ORDER BY "ar_internal_metadata"."key" ASC LIMIT 1 /*application='Rediz'*/[0m
  [1m[36mActiveRecord::SchemaMigration Load (0.1ms)[0m  [1m[34mSELECT "schema_migrations"."version" FROM "schema_migrations" ORDER BY "schema_migrations"."version" ASC /*application='Rediz'*/[0m
  [1m[36mActiveRecord::SchemaMigration Load (0.0ms)[0m  [1m[34mSELECT "schema_migrations"."version" FROM "schema_migrations" ORDER BY "schema_migrations"."version" ASC /*application='Rediz'*/[0m
Started GET "/" for ::1 at 2024-10-30 01:35:53 +0300
  [1m[36mActiveRecord::SchemaMigration Load (0.2ms)[0m  [1m[34mSELECT "schema_migrations"."version" FROM "schema_migrations" ORDER BY "schema_migrations"."version" ASC /*application='Rediz'*/[0m
Processing by LandingController#index as HTML
  Rendering layout layouts/application.html.erb
  Rendering landing/index.html.erb within layouts/application
  Rendered landing/index.html.erb within layouts/application (Duration: 1.1ms | GC: 0.0ms)
  Rendered layout layouts/application.html.erb (Duration: 17.7ms | GC: 1.0ms)
Completed 200 OK in 232ms (Views: 22.1ms | ActiveRecord: 1.7ms (0 queries, 0 cached) | GC: 21.6ms)


Started GET "/home" for ::1 at 2024-10-30 01:35:54 +0300
Processing by HomeController#index as HTML
  Rendering layout layouts/application.html.erb
  Rendering home/index.html.erb within layouts/application
  Rendered home/index.html.erb within layouts/application (Duration: 0.5ms | GC: 0.0ms)
  Rendered layout layouts/application.html.erb (Duration: 1.1ms | GC: 0.0ms)
Completed 200 OK in 86ms (Views: 2.1ms | ActiveRecord: 0.0ms (0 queries, 0 cached) | GC: 0.0ms)


Started GET "/home/feed" for ::1 at 2024-10-30 01:35:57 +0300
Processing by HomeController#feed as HTML
  Rendering layout layouts/application.html.erb
  Rendering home/feed.html.erb within layouts/application
  Rendered home/feed.html.erb within layouts/application (Duration: 0.6ms | GC: 0.0ms)
  Rendered layout layouts/application.html.erb (Duration: 1.4ms | GC: 0.0ms)
Completed 200 OK in 69ms (Views: 1.8ms | ActiveRecord: 0.0ms (0 queries, 0 cached) | GC: 0.0ms)


Started GET "/home/profile" for ::1 at 2024-10-30 01:35:58 +0300
Processing by HomeController#profile as HTML
  Rendering layout layouts/application.html.erb
  Rendering home/profile.html.erb within layouts/application
  Rendered home/profile.html.erb within layouts/application (Duration: 0.4ms | GC: 0.0ms)
  Rendered layout layouts/application.html.erb (Duration: 1.1ms | GC: 0.0ms)
Completed 200 OK in 70ms (Views: 1.5ms | ActiveRecord: 0.0ms (0 queries, 0 cached) | GC: 0.0ms)


Started GET "/home/tasks" for ::1 at 2024-10-30 01:35:58 +0300
Processing by HomeController#tasks as HTML
  Rendering layout layouts/application.html.erb
  Rendering home/tasks.html.erb within layouts/application
  Rendered home/tasks.html.erb within layouts/application (Duration: 0.4ms | GC: 0.0ms)
  Rendered layout layouts/application.html.erb (Duration: 1.2ms | GC: 0.0ms)
Completed 200 OK in 71ms (Views: 1.5ms | ActiveRecord: 0.0ms (0 queries, 0 cached) | GC: 0.0ms)


Started GET "/home/feed" for ::1 at 2024-10-30 01:35:59 +0300
Processing by HomeController#feed as HTML
  Rendering layout layouts/application.html.erb
  Rendering home/feed.html.erb within layouts/application
  Rendered home/feed.html.erb within layouts/application (Duration: 0.1ms | GC: 0.0ms)
  Rendered layout layouts/application.html.erb (Duration: 0.7ms | GC: 0.0ms)
Completed 200 OK in 65ms (Views: 1.0ms | ActiveRecord: 0.0ms (0 queries, 0 cached) | GC: 0.0ms)


Started GET "/home/feed" for ::1 at 2024-10-30 01:36:03 +0300
Processing by HomeController#feed as HTML
  Rendering layout layouts/application.html.erb
  Rendering home/feed.html.erb within layouts/application
  Rendered home/feed.html.erb within layouts/application (Duration: 0.1ms | GC: 0.0ms)
  Rendered layout layouts/application.html.erb (Duration: 0.7ms | GC: 0.0ms)
Completed 200 OK in 70ms (Views: 1.1ms | ActiveRecord: 0.0ms (0 queries, 0 cached) | GC: 0.0ms)


Started GET "/home/tasks" for ::1 at 2024-10-30 01:36:03 +0300
Processing by HomeController#tasks as HTML
  Rendering layout layouts/application.html.erb
  Rendering home/tasks.html.erb within layouts/application
  Rendered home/tasks.html.erb within layouts/application (Duration: 0.1ms | GC: 0.0ms)
  Rendered layout layouts/application.html.erb (Duration: 0.6ms | GC: 0.0ms)
Completed 200 OK in 66ms (Views: 0.9ms | ActiveRecord: 0.0ms (0 queries, 0 cached) | GC: 0.0ms)


Started GET "/home/tasks" for ::1 at 2024-10-30 01:36:06 +0300
Processing by HomeController#tasks as HTML
  Rendering layout layouts/application.html.erb
  Rendering home/tasks.html.erb within layouts/application
  Rendered home/tasks.html.erb within layouts/application (Duration: 0.1ms | GC: 0.0ms)
  Rendered layout layouts/application.html.erb (Duration: 0.6ms | GC: 0.0ms)
Completed 200 OK in 73ms (Views: 0.9ms | ActiveRecord: 0.0ms (0 queries, 0 cached) | GC: 0.0ms)


Started GET "/home/profile" for ::1 at 2024-10-30 01:36:06 +0300
Processing by HomeController#profile as HTML
  Rendering layout layouts/application.html.erb
  Rendering home/profile.html.erb within layouts/application
  Rendered home/profile.html.erb within layouts/application (Duration: 0.1ms | GC: 0.0ms)
  Rendered layout layouts/application.html.erb (Duration: 0.6ms | GC: 0.0ms)
Completed 200 OK in 65ms (Views: 0.9ms | ActiveRecord: 0.0ms (0 queries, 0 cached) | GC: 0.0ms)


Started GET "/home" for ::1 at 2024-10-30 01:36:11 +0300
Processing by HomeController#index as HTML
  Rendering layout layouts/application.html.erb
  Rendering home/index.html.erb within layouts/application
  Rendered home/index.html.erb within layouts/application (Duration: 0.3ms | GC: 0.0ms)
  Rendered layout layouts/application.html.erb (Duration: 0.9ms | GC: 0.0ms)
Completed 200 OK in 65ms (Views: 1.2ms | ActiveRecord: 0.0ms (0 queries, 0 cached) | GC: 0.0ms)


Started GET "/home" for ::1 at 2024-10-30 01:36:15 +0300
Processing by HomeController#index as HTML
  Rendering layout layouts/application.html.erb
  Rendering home/index.html.erb within layouts/application
  Rendered home/index.html.erb within layouts/application (Duration: 0.3ms | GC: 0.0ms)
  Rendered layout layouts/application.html.erb (Duration: 0.9ms | GC: 0.0ms)
Completed 200 OK in 69ms (Views: 1.2ms | ActiveRecord: 0.0ms (0 queries, 0 cached) | GC: 0.0ms)


Started GET "/home" for ::1 at 2024-10-30 01:36:15 +0300
Processing by HomeController#index as HTML
  Rendering layout layouts/application.html.erb
  Rendering home/index.html.erb within layouts/application
  Rendered home/index.html.erb within layouts/application (Duration: 0.2ms | GC: 0.0ms)
  Rendered layout layouts/application.html.erb (Duration: 0.7ms | GC: 0.0ms)
Completed 200 OK in 69ms (Views: 1.0ms | ActiveRecord: 0.0ms (0 queries, 0 cached) | GC: 0.0ms)


Started GET "/home" for ::1 at 2024-10-30 01:36:24 +0300
Processing by HomeController#index as HTML
  Rendering layout layouts/application.html.erb
  Rendering home/index.html.erb within layouts/application
  Rendered home/index.html.erb within layouts/application (Duration: 0.2ms | GC: 0.0ms)
  Rendered layout layouts/application.html.erb (Duration: 0.7ms | GC: 0.0ms)
Completed 200 OK in 67ms (Views: 1.0ms | ActiveRecord: 0.0ms (0 queries, 0 cached) | GC: 0.0ms)


  [1m[36mActiveRecord::InternalMetadata Load (0.1ms)[0m  [1m[34mSELECT * FROM "ar_internal_metadata" WHERE "ar_internal_metadata"."key" = 'environment' ORDER BY "ar_internal_metadata"."key" ASC LIMIT 1 /*application='Rediz'*/[0m
  [1m[36mActiveRecord::SchemaMigration Load (0.1ms)[0m  [1m[34mSELECT "schema_migrations"."version" FROM "schema_migrations" ORDER BY "schema_migrations"."version" ASC /*application='Rediz'*/[0m
  [1m[36mActiveRecord::SchemaMigration Load (0.1ms)[0m  [1m[34mSELECT "schema_migrations"."version" FROM "schema_migrations" ORDER BY "schema_migrations"."version" ASC /*application='Rediz'*/[0m
Started GET "/" for ::1 at 2024-10-30 01:49:58 +0300
  [1m[36mActiveRecord::SchemaMigration Load (0.2ms)[0m  [1m[34mSELECT "schema_migrations"."version" FROM "schema_migrations" ORDER BY "schema_migrations"."version" ASC /*application='Rediz'*/[0m
  
SyntaxError (/Users/alinagabueva/Documents/rediz/app/controllers/landing_controller.rb:6: syntax error, unexpected end-of-input, expecting `end' or dummy end):
  
app/controllers/landing_controller.rb:6: syntax error, unexpected end-of-input, expecting `end' or dummy end
Started GET "/" for ::1 at 2024-10-30 01:50:54 +0300
  
SyntaxError (/Users/alinagabueva/Documents/rediz/app/controllers/landing_controller.rb:6: syntax error, unexpected end-of-input, expecting `end' or dummy end):
  
app/controllers/landing_controller.rb:6: syntax error, unexpected end-of-input, expecting `end' or dummy end
Started GET "/" for ::1 at 2024-10-30 01:51:44 +0300
Processing by LandingController#index as HTML
  Rendering layout layouts/application.html.erb
  Rendering landing/index.html.erb within layouts/application
  Rendered landing/index.html.erb within layouts/application (Duration: 14.2ms | GC: 2.6ms)
  Rendered layout layouts/application.html.erb (Duration: 40.0ms | GC: 15.3ms)
Completed 200 OK in 223ms (Views: 43.3ms | ActiveRecord: 1.7ms (0 queries, 0 cached) | GC: 26.2ms)


Started POST "/contact_messages" for ::1 at 2024-10-30 01:52:18 +0300
Processing by ContactMessagesController#create as TURBO_STREAM
  Parameters: {"authenticity_token"=>"[FILTERED]", "contact_message"=>{"name"=>"Алина ", "email"=>"[FILTERED]", "message"=>"я так больше не могу!"}, "commit"=>"Отправить"}
Completed 500 Internal Server Error in 61ms (ActiveRecord: 0.0ms (0 queries, 0 cached) | GC: 0.6ms)


  
ActiveModel::UnknownAttributeError (unknown attribute 'name' for ContactMessage.)
Caused by: NoMethodError (undefined method `name=' for an instance of ContactMessage)

Information for: ActiveModel::UnknownAttributeError (unknown attribute 'name' for ContactMessage.):
  
app/controllers/contact_messages_controller.rb:3:in `create'

Information for cause: NoMethodError (undefined method `name=' for an instance of ContactMessage):
  
app/controllers/contact_messages_controller.rb:3:in `create'
Started GET "/" for ::1 at 2024-10-30 01:52:35 +0300
Processing by LandingController#index as HTML
  Rendering layout layouts/application.html.erb
  Rendering landing/index.html.erb within layouts/application
  Rendered landing/index.html.erb within layouts/application (Duration: 1.0ms | GC: 0.0ms)
  Rendered layout layouts/application.html.erb (Duration: 1.5ms | GC: 0.0ms)
Completed 200 OK in 70ms (Views: 1.8ms | ActiveRecord: 0.0ms (0 queries, 0 cached) | GC: 0.0ms)


Started GET "/home" for ::1 at 2024-10-30 01:52:36 +0300
Processing by HomeController#index as HTML
  Rendering layout layouts/application.html.erb
  Rendering home/index.html.erb within layouts/application
  Rendered home/index.html.erb within layouts/application (Duration: 0.5ms | GC: 0.0ms)
  Rendered layout layouts/application.html.erb (Duration: 1.1ms | GC: 0.0ms)
Completed 200 OK in 70ms (Views: 2.2ms | ActiveRecord: 0.0ms (0 queries, 0 cached) | GC: 0.0ms)


Started GET "/home/profile" for ::1 at 2024-10-30 01:52:38 +0300
Processing by HomeController#profile as HTML
  Rendering layout layouts/application.html.erb
  Rendering home/profile.html.erb within layouts/application
  Rendered home/profile.html.erb within layouts/application (Duration: 0.4ms | GC: 0.0ms)
  Rendered layout layouts/application.html.erb (Duration: 1.0ms | GC: 0.0ms)
Completed 200 OK in 70ms (Views: 1.5ms | ActiveRecord: 0.0ms (0 queries, 0 cached) | GC: 0.0ms)


Started GET "/home/profile" for ::1 at 2024-10-30 01:52:38 +0300
Processing by HomeController#profile as HTML
  Rendering layout layouts/application.html.erb
  Rendering home/profile.html.erb within layouts/application
  Rendered home/profile.html.erb within layouts/application (Duration: 0.1ms | GC: 0.0ms)
  Rendered layout layouts/application.html.erb (Duration: 0.7ms | GC: 0.0ms)
Completed 200 OK in 63ms (Views: 1.0ms | ActiveRecord: 0.0ms (0 queries, 0 cached) | GC: 0.3ms)


Started GET "/home" for ::1 at 2024-10-30 01:52:40 +0300
Processing by HomeController#index as HTML
  Rendering layout layouts/application.html.erb
  Rendering home/index.html.erb within layouts/application
  Rendered home/index.html.erb within layouts/application (Duration: 0.2ms | GC: 0.0ms)
  Rendered layout layouts/application.html.erb (Duration: 0.8ms | GC: 0.0ms)
Completed 200 OK in 69ms (Views: 1.0ms | ActiveRecord: 0.0ms (0 queries, 0 cached) | GC: 0.0ms)


Started POST "/contact_messages" for ::1 at 2024-10-30 01:53:35 +0300
Processing by ContactMessagesController#create as TURBO_STREAM
  Parameters: {"authenticity_token"=>"[FILTERED]", "contact_message"=>{"name"=>"Алина ", "email"=>"[FILTERED]", "message"=>"ХУЙ"}, "commit"=>"Отправить"}
Completed 500 Internal Server Error in 61ms (ActiveRecord: 0.0ms (0 queries, 0 cached) | GC: 0.0ms)


  
ActiveModel::UnknownAttributeError (unknown attribute 'name' for ContactMessage.)
Caused by: NoMethodError (undefined method `name=' for an instance of ContactMessage)

Information for: ActiveModel::UnknownAttributeError (unknown attribute 'name' for ContactMessage.):
  
app/controllers/contact_messages_controller.rb:3:in `create'

Information for cause: NoMethodError (undefined method `name=' for an instance of ContactMessage):
  
app/controllers/contact_messages_controller.rb:3:in `create'
  [1m[36mActiveRecord::InternalMetadata Load (0.5ms)[0m  [1m[34mSELECT * FROM "ar_internal_metadata" WHERE "ar_internal_metadata"."key" = 'environment' ORDER BY "ar_internal_metadata"."key" ASC LIMIT 1 /*application='Rediz'*/[0m
  [1m[36mActiveRecord::SchemaMigration Load (0.3ms)[0m  [1m[34mSELECT "schema_migrations"."version" FROM "schema_migrations" ORDER BY "schema_migrations"."version" ASC /*application='Rediz'*/[0m
  [1m[36mActiveRecord::SchemaMigration Load (0.2ms)[0m  [1m[34mSELECT "schema_migrations"."version" FROM "schema_migrations" ORDER BY "schema_migrations"."version" ASC /*application='Rediz'*/[0m
Started GET "/" for ::1 at 2024-10-30 01:58:57 +0300
  [1m[36mActiveRecord::SchemaMigration Load (11.8ms)[0m  [1m[34mSELECT "schema_migrations"."version" FROM "schema_migrations" ORDER BY "schema_migrations"."version" ASC /*application='Rediz'*/[0m
Processing by LandingController#index as HTML
  Rendering layout layouts/application.html.erb
  Rendering landing/index.html.erb within layouts/application
  Rendered landing/index.html.erb within layouts/application (Duration: 179.9ms | GC: 2.1ms)
  Rendered layout layouts/application.html.erb (Duration: 318.7ms | GC: 7.5ms)
Completed 200 OK in 3587ms (Views: 406.5ms | ActiveRecord: 31.3ms (0 queries, 0 cached) | GC: 88.6ms)


Started POST "/contact_messages" for ::1 at 2024-10-30 01:59:31 +0300
Processing by ContactMessagesController#create as TURBO_STREAM
  Parameters: {"authenticity_token"=>"[FILTERED]", "contact_message"=>{"name"=>"Алина ", "email"=>"[FILTERED]", "message"=>"rjrj"}, "commit"=>"Отправить"}
Completed 500 Internal Server Error in 195ms (ActiveRecord: 0.0ms (0 queries, 0 cached) | GC: 0.0ms)


  
ActiveModel::UnknownAttributeError (unknown attribute 'name' for ContactMessage.)
Caused by: NoMethodError (undefined method `name=' for an instance of ContactMessage)

Information for: ActiveModel::UnknownAttributeError (unknown attribute 'name' for ContactMessage.):
  
app/controllers/contact_messages_controller.rb:3:in `create'

Information for cause: NoMethodError (undefined method `name=' for an instance of ContactMessage):
  
app/controllers/contact_messages_controller.rb:3:in `create'
  [1m[36mActiveRecord::InternalMetadata Load (0.2ms)[0m  [1m[34mSELECT * FROM "ar_internal_metadata" WHERE "ar_internal_metadata"."key" = 'environment' ORDER BY "ar_internal_metadata"."key" ASC LIMIT 1 /*application='Rediz'*/[0m
  [1m[36mActiveRecord::SchemaMigration Load (0.1ms)[0m  [1m[34mSELECT "schema_migrations"."version" FROM "schema_migrations" ORDER BY "schema_migrations"."version" ASC /*application='Rediz'*/[0m
Migrating to AddNameToContactMessages (20241029230442)
  [1m[36mTRANSACTION (0.1ms)[0m  [1m[35mBEGIN immediate TRANSACTION /*application='Rediz'*/[0m
  [1m[35m (7.5ms)[0m  [1m[35mALTER TABLE "contact_messages" ADD "name" varchar /*application='Rediz'*/[0m
  [1m[36mActiveRecord::SchemaMigration Create (0.2ms)[0m  [1m[32mINSERT INTO "schema_migrations" ("version") VALUES ('20241029230442') RETURNING "version" /*application='Rediz'*/[0m
  [1m[36mTRANSACTION (0.5ms)[0m  [1m[35mCOMMIT TRANSACTION /*application='Rediz'*/[0m
  [1m[36mActiveRecord::SchemaMigration Load (0.1ms)[0m  [1m[34mSELECT "schema_migrations"."version" FROM "schema_migrations" ORDER BY "schema_migrations"."version" ASC /*application='Rediz'*/[0m
Started GET "/" for ::1 at 2024-10-30 02:09:20 +0300
  [1m[36mActiveRecord::SchemaMigration Load (0.2ms)[0m  [1m[34mSELECT "schema_migrations"."version" FROM "schema_migrations" ORDER BY "schema_migrations"."version" ASC /*application='Rediz'*/[0m
Processing by LandingController#index as HTML
  Rendering layout layouts/application.html.erb
  Rendering landing/index.html.erb within layouts/application
  Rendered landing/index.html.erb within layouts/application (Duration: 10.7ms | GC: 0.0ms)
  Rendered layout layouts/application.html.erb (Duration: 20.6ms | GC: 0.8ms)
Completed 200 OK in 217ms (Views: 25.7ms | ActiveRecord: 2.1ms (0 queries, 0 cached) | GC: 18.9ms)


Started GET "/home" for ::1 at 2024-10-30 02:09:27 +0300
Processing by HomeController#index as HTML
  Rendering layout layouts/application.html.erb
  Rendering home/index.html.erb within layouts/application
  Rendered home/index.html.erb within layouts/application (Duration: 0.5ms | GC: 0.0ms)
  Rendered layout layouts/application.html.erb (Duration: 1.1ms | GC: 0.0ms)
Completed 200 OK in 72ms (Views: 2.1ms | ActiveRecord: 0.0ms (0 queries, 0 cached) | GC: 0.0ms)


Started POST "/contact_messages" for ::1 at 2024-10-30 02:09:28 +0300
Processing by ContactMessagesController#create as TURBO_STREAM
  Parameters: {"authenticity_token"=>"[FILTERED]", "contact_message"=>{"name"=>"Алина ", "email"=>"[FILTERED]", "message"=>"[h[h"}, "commit"=>"Отправить"}
  [1m[36mTRANSACTION (0.1ms)[0m  [1m[35mBEGIN immediate TRANSACTION /*action='create',application='Rediz',controller='contact_messages'*/[0m
  ↳ app/controllers/contact_messages_controller.rb:5:in `create'
  [1m[36mContactMessage Create (1.5ms)[0m  [1m[32mINSERT INTO "contact_messages" ("email", "message", "created_at", "updated_at", "name") VALUES ('Gabuevaaa@yandex.ru', '[h[h', '2024-10-29 23:09:28.471737', '2024-10-29 23:09:28.471737', 'Алина ') RETURNING "id" /*action='create',application='Rediz',controller='contact_messages'*/[0m
  ↳ app/controllers/contact_messages_controller.rb:5:in `create'
  [1m[36mTRANSACTION (0.6ms)[0m  [1m[35mCOMMIT TRANSACTION /*action='create',application='Rediz',controller='contact_messages'*/[0m
  ↳ app/controllers/contact_messages_controller.rb:5:in `create'
Redirected to http://localhost:3000/
Completed 302 Found in 72ms (ActiveRecord: 2.1ms (1 query, 0 cached) | GC: 0.0ms)


Started GET "/" for ::1 at 2024-10-30 02:09:28 +0300
Processing by LandingController#index as TURBO_STREAM
  Rendering layout layouts/application.html.erb
  Rendering landing/index.html.erb within layouts/application
  Rendered landing/index.html.erb within layouts/application (Duration: 1.1ms | GC: 0.0ms)
  Rendered layout layouts/application.html.erb (Duration: 1.8ms | GC: 0.0ms)
Completed 200 OK in 58ms (Views: 2.1ms | ActiveRecord: 0.0ms (0 queries, 0 cached) | GC: 0.0ms)


Started GET "/home" for ::1 at 2024-10-30 02:09:37 +0300
Processing by HomeController#index as HTML
  Rendering layout layouts/application.html.erb
  Rendering home/index.html.erb within layouts/application
  Rendered home/index.html.erb within layouts/application (Duration: 0.3ms | GC: 0.0ms)
  Rendered layout layouts/application.html.erb (Duration: 0.9ms | GC: 0.0ms)
Completed 200 OK in 64ms (Views: 1.2ms | ActiveRecord: 0.0ms (0 queries, 0 cached) | GC: 0.0ms)


Started GET "/home" for ::1 at 2024-10-30 02:09:41 +0300
Processing by HomeController#index as HTML
  Rendering layout layouts/application.html.erb
  Rendering home/index.html.erb within layouts/application
  Rendered home/index.html.erb within layouts/application (Duration: 0.3ms | GC: 0.0ms)
  Rendered layout layouts/application.html.erb (Duration: 1.2ms | GC: 0.0ms)
Completed 200 OK in 66ms (Views: 1.7ms | ActiveRecord: 0.0ms (0 queries, 0 cached) | GC: 0.0ms)


Started GET "/" for ::1 at 2024-10-30 02:18:50 +0300
  [1m[36mActiveRecord::SchemaMigration Load (0.1ms)[0m  [1m[34mSELECT "schema_migrations"."version" FROM "schema_migrations" ORDER BY "schema_migrations"."version" ASC /*application='Rediz'*/[0m
Processing by LandingController#index as HTML
  Rendering layout layouts/application.html.erb
  Rendering landing/index.html.erb within layouts/application
  Rendered landing/index.html.erb within layouts/application (Duration: 17.2ms | GC: 14.9ms)
  Rendered layout layouts/application.html.erb (Duration: 19.7ms | GC: 14.9ms)
Completed 200 OK in 94ms (Views: 21.8ms | ActiveRecord: 0.0ms (0 queries, 0 cached) | GC: 14.9ms)


Started GET "/home" for ::1 at 2024-10-30 02:18:52 +0300
Processing by HomeController#index as HTML
  Rendering layout layouts/application.html.erb
  Rendering home/index.html.erb within layouts/application
  Rendered home/index.html.erb within layouts/application (Duration: 0.5ms | GC: 0.0ms)
  Rendered layout layouts/application.html.erb (Duration: 1.0ms | GC: 0.0ms)
Completed 200 OK in 69ms (Views: 1.9ms | ActiveRecord: 0.0ms (0 queries, 0 cached) | GC: 0.0ms)


Started GET "/home" for ::1 at 2024-10-30 02:19:01 +0300
Processing by HomeController#index as HTML
  Rendering layout layouts/application.html.erb
  Rendering home/index.html.erb within layouts/application
  Rendered home/index.html.erb within layouts/application (Duration: 0.2ms | GC: 0.0ms)
  Rendered layout layouts/application.html.erb (Duration: 0.8ms | GC: 0.0ms)
Completed 200 OK in 68ms (Views: 1.1ms | ActiveRecord: 0.0ms (0 queries, 0 cached) | GC: 0.4ms)


Started GET "/home/feed" for ::1 at 2024-10-30 02:19:02 +0300
Processing by HomeController#feed as HTML
  Rendering layout layouts/application.html.erb
  Rendering home/feed.html.erb within layouts/application
  Rendered home/feed.html.erb within layouts/application (Duration: 0.4ms | GC: 0.0ms)
  Rendered layout layouts/application.html.erb (Duration: 1.1ms | GC: 0.0ms)
Completed 200 OK in 70ms (Views: 1.5ms | ActiveRecord: 0.0ms (0 queries, 0 cached) | GC: 0.0ms)


Started GET "/home" for ::1 at 2024-10-30 02:19:34 +0300
Processing by HomeController#index as HTML
  Rendering layout layouts/application.html.erb
  Rendering home/index.html.erb within layouts/application
  Rendered home/index.html.erb within layouts/application (Duration: 0.2ms | GC: 0.0ms)
  Rendered layout layouts/application.html.erb (Duration: 0.8ms | GC: 0.0ms)
Completed 200 OK in 66ms (Views: 1.0ms | ActiveRecord: 0.0ms (0 queries, 0 cached) | GC: 0.0ms)


Started GET "/home" for ::1 at 2024-10-30 02:19:34 +0300
Processing by HomeController#index as HTML
  Rendering layout layouts/application.html.erb
  Rendering home/index.html.erb within layouts/application
  Rendered home/index.html.erb within layouts/application (Duration: 0.4ms | GC: 0.0ms)
  Rendered layout layouts/application.html.erb (Duration: 1.1ms | GC: 0.0ms)
Completed 200 OK in 65ms (Views: 1.3ms | ActiveRecord: 0.0ms (0 queries, 0 cached) | GC: 0.6ms)


Started GET "/home" for ::1 at 2024-10-30 02:19:37 +0300
Processing by HomeController#index as HTML
  Rendering layout layouts/application.html.erb
  Rendering home/index.html.erb within layouts/application
  Rendered home/index.html.erb within layouts/application (Duration: 0.2ms | GC: 0.0ms)
  Rendered layout layouts/application.html.erb (Duration: 0.9ms | GC: 0.0ms)
Completed 200 OK in 66ms (Views: 1.5ms | ActiveRecord: 0.0ms (0 queries, 0 cached) | GC: 0.0ms)


Started GET "/home/tasks" for ::1 at 2024-10-30 02:19:38 +0300
Processing by HomeController#tasks as HTML
  Rendering layout layouts/application.html.erb
  Rendering home/tasks.html.erb within layouts/application
  Rendered home/tasks.html.erb within layouts/application (Duration: 0.4ms | GC: 0.0ms)
  Rendered layout layouts/application.html.erb (Duration: 1.1ms | GC: 0.0ms)
Completed 200 OK in 71ms (Views: 1.5ms | ActiveRecord: 0.0ms (0 queries, 0 cached) | GC: 0.0ms)


Started GET "/home/profile" for ::1 at 2024-10-30 02:19:39 +0300
Processing by HomeController#profile as HTML
  Rendering layout layouts/application.html.erb
  Rendering home/profile.html.erb within layouts/application
  Rendered home/profile.html.erb within layouts/application (Duration: 0.4ms | GC: 0.0ms)
  Rendered layout layouts/application.html.erb (Duration: 1.2ms | GC: 0.0ms)
Completed 200 OK in 70ms (Views: 1.5ms | ActiveRecord: 0.0ms (0 queries, 0 cached) | GC: 0.2ms)


Started GET "/home/profile" for ::1 at 2024-10-30 02:19:41 +0300
Processing by HomeController#profile as HTML
  Rendering layout layouts/application.html.erb
  Rendering home/profile.html.erb within layouts/application
  Rendered home/profile.html.erb within layouts/application (Duration: 0.1ms | GC: 0.0ms)
  Rendered layout layouts/application.html.erb (Duration: 0.7ms | GC: 0.0ms)
Completed 200 OK in 62ms (Views: 0.9ms | ActiveRecord: 0.0ms (0 queries, 0 cached) | GC: 0.0ms)


Started GET "/" for ::1 at 2024-10-30 02:22:19 +0300
Processing by LandingController#index as HTML
  Rendering layout layouts/application.html.erb
  Rendering landing/index.html.erb within layouts/application
  Rendered landing/index.html.erb within layouts/application (Duration: 1.9ms | GC: 0.0ms)
  Rendered layout layouts/application.html.erb (Duration: 4.2ms | GC: 0.0ms)
Completed 200 OK in 77ms (Views: 6.5ms | ActiveRecord: 0.0ms (0 queries, 0 cached) | GC: 0.0ms)


Started GET "/home" for ::1 at 2024-10-30 02:22:20 +0300
Processing by HomeController#index as HTML
  Rendering layout layouts/application.html.erb
  Rendering home/index.html.erb within layouts/application
  Rendered home/index.html.erb within layouts/application (Duration: 0.9ms | GC: 0.0ms)
  Rendered layout layouts/application.html.erb (Duration: 1.9ms | GC: 0.0ms)
Completed 200 OK in 68ms (Views: 2.9ms | ActiveRecord: 0.0ms (0 queries, 0 cached) | GC: 0.0ms)


Started GET "/home/tasks" for ::1 at 2024-10-30 02:22:21 +0300
Processing by HomeController#tasks as HTML
  Rendering layout layouts/application.html.erb
  Rendering home/tasks.html.erb within layouts/application
  Rendered home/tasks.html.erb within layouts/application (Duration: 0.3ms | GC: 0.0ms)
  Rendered layout layouts/application.html.erb (Duration: 0.8ms | GC: 0.0ms)
Completed 200 OK in 67ms (Views: 1.1ms | ActiveRecord: 0.0ms (0 queries, 0 cached) | GC: 0.0ms)


Started GET "/home/feed" for ::1 at 2024-10-30 02:22:22 +0300
Processing by HomeController#feed as HTML
  Rendering layout layouts/application.html.erb
  Rendering home/feed.html.erb within layouts/application
  Rendered home/feed.html.erb within layouts/application (Duration: 0.4ms | GC: 0.0ms)
  Rendered layout layouts/application.html.erb (Duration: 1.1ms | GC: 0.0ms)
Completed 200 OK in 69ms (Views: 1.8ms | ActiveRecord: 0.0ms (0 queries, 0 cached) | GC: 0.0ms)


Started GET "/home" for ::1 at 2024-10-30 02:23:23 +0300
Processing by HomeController#index as HTML
  Rendering layout layouts/application.html.erb
  Rendering home/index.html.erb within layouts/application
  Rendered home/index.html.erb within layouts/application (Duration: 0.7ms | GC: 0.0ms)
  Rendered layout layouts/application.html.erb (Duration: 2.7ms | GC: 0.0ms)
Completed 200 OK in 68ms (Views: 4.1ms | ActiveRecord: 0.0ms (0 queries, 0 cached) | GC: 0.0ms)


Started GET "/home/tasks" for ::1 at 2024-10-30 02:23:24 +0300
Processing by HomeController#tasks as HTML
  Rendering layout layouts/application.html.erb
  Rendering home/tasks.html.erb within layouts/application
  Rendered home/tasks.html.erb within layouts/application (Duration: 0.5ms | GC: 0.0ms)
  Rendered layout layouts/application.html.erb (Duration: 1.3ms | GC: 0.0ms)
Completed 200 OK in 66ms (Views: 1.6ms | ActiveRecord: 0.0ms (0 queries, 0 cached) | GC: 0.0ms)


Started GET "/home/feed" for ::1 at 2024-10-30 02:23:25 +0300
Processing by HomeController#feed as HTML
  Rendering layout layouts/application.html.erb
  Rendering home/feed.html.erb within layouts/application
  Rendered home/feed.html.erb within layouts/application (Duration: 0.3ms | GC: 0.1ms)
  Rendered layout layouts/application.html.erb (Duration: 0.9ms | GC: 0.1ms)
Completed 200 OK in 64ms (Views: 1.2ms | ActiveRecord: 0.0ms (0 queries, 0 cached) | GC: 0.1ms)


Started GET "/home/feed" for ::1 at 2024-10-30 02:23:30 +0300
Processing by HomeController#feed as HTML
  Rendering layout layouts/application.html.erb
  Rendering home/feed.html.erb within layouts/application
  Rendered home/feed.html.erb within layouts/application (Duration: 0.1ms | GC: 0.0ms)
  Rendered layout layouts/application.html.erb (Duration: 0.6ms | GC: 0.0ms)
Completed 200 OK in 68ms (Views: 0.9ms | ActiveRecord: 0.0ms (0 queries, 0 cached) | GC: 0.0ms)


Started GET "/home/profile" for ::1 at 2024-10-30 02:23:30 +0300
Processing by HomeController#profile as HTML
  Rendering layout layouts/application.html.erb
  Rendering home/profile.html.erb within layouts/application
  Rendered home/profile.html.erb within layouts/application (Duration: 0.2ms | GC: 0.0ms)
  Rendered layout layouts/application.html.erb (Duration: 0.8ms | GC: 0.0ms)
Completed 200 OK in 69ms (Views: 1.1ms | ActiveRecord: 0.0ms (0 queries, 0 cached) | GC: 0.0ms)


Started GET "/home/tasks" for ::1 at 2024-10-30 02:23:30 +0300
Processing by HomeController#tasks as HTML
  Rendering layout layouts/application.html.erb
  Rendering home/tasks.html.erb within layouts/application
  Rendered home/tasks.html.erb within layouts/application (Duration: 0.1ms | GC: 0.0ms)
  Rendered layout layouts/application.html.erb (Duration: 0.7ms | GC: 0.0ms)
Completed 200 OK in 66ms (Views: 1.0ms | ActiveRecord: 0.0ms (0 queries, 0 cached) | GC: 0.0ms)


Started GET "/home/profile" for ::1 at 2024-10-30 02:23:32 +0300
Processing by HomeController#profile as HTML
  Rendering layout layouts/application.html.erb
  Rendering home/profile.html.erb within layouts/application
  Rendered home/profile.html.erb within layouts/application (Duration: 0.1ms | GC: 0.0ms)
  Rendered layout layouts/application.html.erb (Duration: 0.6ms | GC: 0.0ms)
Completed 200 OK in 68ms (Views: 0.9ms | ActiveRecord: 0.0ms (0 queries, 0 cached) | GC: 0.0ms)


Started GET "/" for ::1 at 2024-10-30 02:23:37 +0300
Processing by LandingController#index as HTML
  Rendering layout layouts/application.html.erb
  Rendering landing/index.html.erb within layouts/application
  Rendered landing/index.html.erb within layouts/application (Duration: 1.6ms | GC: 0.0ms)
  Rendered layout layouts/application.html.erb (Duration: 2.1ms | GC: 0.0ms)
Completed 200 OK in 73ms (Views: 3.0ms | ActiveRecord: 0.0ms (0 queries, 0 cached) | GC: 0.0ms)


Started GET "/" for ::1 at 2024-10-30 07:43:55 +0300
  [1m[36mActiveRecord::SchemaMigration Load (0.7ms)[0m  [1m[34mSELECT "schema_migrations"."version" FROM "schema_migrations" ORDER BY "schema_migrations"."version" ASC /*application='Rediz'*/[0m
Processing by LandingController#index as HTML
  Rendering layout layouts/application.html.erb
  Rendering landing/index.html.erb within layouts/application
  Rendered landing/index.html.erb within layouts/application (Duration: 15.7ms | GC: 0.4ms)
  Rendered layout layouts/application.html.erb (Duration: 26.9ms | GC: 0.7ms)
Completed 200 OK in 247ms (Views: 34.3ms | ActiveRecord: 1.5ms (0 queries, 0 cached) | GC: 15.8ms)


Started GET "/assets/application-e6be064d.css" for ::1 at 2024-10-30 07:43:55 +0300
Started GET "/assets/reset-444c8e88.css" for ::1 at 2024-10-30 07:43:55 +0300
Started GET "/home" for ::1 at 2024-10-30 07:44:12 +0300
Processing by HomeController#index as HTML
  Rendering layout layouts/application.html.erb
  Rendering home/index.html.erb within layouts/application
  Rendered home/index.html.erb within layouts/application (Duration: 0.6ms | GC: 0.0ms)
  Rendered layout layouts/application.html.erb (Duration: 1.2ms | GC: 0.0ms)
Completed 200 OK in 75ms (Views: 2.2ms | ActiveRecord: 0.0ms (0 queries, 0 cached) | GC: 0.0ms)


Started GET "/" for ::1 at 2024-10-30 07:44:48 +0300
Processing by LandingController#index as HTML
  Rendering layout layouts/application.html.erb
  Rendering landing/index.html.erb within layouts/application
  Rendered landing/index.html.erb within layouts/application (Duration: 1.1ms | GC: 0.0ms)
  Rendered layout layouts/application.html.erb (Duration: 7.8ms | GC: 0.0ms)
Completed 200 OK in 88ms (Views: 8.2ms | ActiveRecord: 0.0ms (0 queries, 0 cached) | GC: 1.0ms)


Started GET "/assets/application-6e72da11.css" for ::1 at 2024-10-30 07:44:48 +0300
Started GET "/" for ::1 at 2024-10-30 07:44:49 +0300
Processing by LandingController#index as HTML
  Rendering layout layouts/application.html.erb
  Rendering landing/index.html.erb within layouts/application
  Rendered landing/index.html.erb within layouts/application (Duration: 1.0ms | GC: 0.0ms)
  Rendered layout layouts/application.html.erb (Duration: 1.6ms | GC: 0.0ms)
Completed 200 OK in 77ms (Views: 1.9ms | ActiveRecord: 0.0ms (0 queries, 0 cached) | GC: 0.0ms)


Started GET "/home" for ::1 at 2024-10-30 07:45:04 +0300
Processing by HomeController#index as HTML
  Rendering layout layouts/application.html.erb
  Rendering home/index.html.erb within layouts/application
  Rendered home/index.html.erb within layouts/application (Duration: 0.3ms | GC: 0.0ms)
  Rendered layout layouts/application.html.erb (Duration: 1.0ms | GC: 0.0ms)
Completed 200 OK in 69ms (Views: 1.4ms | ActiveRecord: 0.0ms (0 queries, 0 cached) | GC: 0.0ms)


Started GET "/" for ::1 at 2024-10-30 09:31:05 +0300
Processing by LandingController#index as HTML
  Rendering layout layouts/application.html.erb
  Rendering landing/index.html.erb within layouts/application
  Rendered landing/index.html.erb within layouts/application (Duration: 1.4ms | GC: 0.0ms)
  Rendered layout layouts/application.html.erb (Duration: 3.9ms | GC: 0.0ms)
Completed 200 OK in 91ms (Views: 4.4ms | ActiveRecord: 0.0ms (0 queries, 0 cached) | GC: 11.5ms)


Started GET "/assets/application-1113dbb0.css" for ::1 at 2024-10-30 09:31:05 +0300
Started GET "/assets/fonts-a6e741c7.css" for ::1 at 2024-10-30 09:31:05 +0300
Started GET "/" for ::1 at 2024-10-30 10:31:56 +0300
  [1m[36mActiveRecord::SchemaMigration Load (0.7ms)[0m  [1m[34mSELECT "schema_migrations"."version" FROM "schema_migrations" ORDER BY "schema_migrations"."version" ASC /*application='Rediz'*/[0m
Processing by LandingController#index as HTML
  Rendering layout layouts/application.html.erb
  Rendering landing/index.html.erb within layouts/application
  Rendered landing/index.html.erb within layouts/application (Duration: 21.0ms | GC: 0.0ms)
  Rendered layout layouts/application.html.erb (Duration: 52.1ms | GC: 13.6ms)
Completed 200 OK in 255ms (Views: 58.7ms | ActiveRecord: 1.7ms (0 queries, 0 cached) | GC: 15.8ms)


Started GET "/assets/application-16cc9e0d.css" for ::1 at 2024-10-30 10:31:56 +0300
Started GET "/assets/font-65e39793.css" for ::1 at 2024-10-30 10:31:56 +0300
Started GET "/assets/style-fed9c629.css" for ::1 at 2024-10-30 10:31:56 +0300
Unable to resolve 'asset-path' for missing asset 'asset-path' in font.css
Unable to resolve 'asset-path' for missing asset 'asset-path' in font.css
Started GET "/" for ::1 at 2024-10-30 10:33:13 +0300
Processing by LandingController#index as HTML
  Rendering layout layouts/application.html.erb
  Rendering landing/index.html.erb within layouts/application
  Rendered landing/index.html.erb within layouts/application (Duration: 1.2ms | GC: 0.0ms)
  Rendered layout layouts/application.html.erb (Duration: 2.4ms | GC: 0.0ms)
Completed 200 OK in 82ms (Views: 2.7ms | ActiveRecord: 0.0ms (0 queries, 0 cached) | GC: 0.9ms)


Started GET "/assets/application-4c814674.css" for ::1 at 2024-10-30 10:33:14 +0300
Started GET "/" for ::1 at 2024-10-30 10:33:15 +0300
Processing by LandingController#index as HTML
  Rendering layout layouts/application.html.erb
  Rendering landing/index.html.erb within layouts/application
  Rendered landing/index.html.erb within layouts/application (Duration: 1.5ms | GC: 0.0ms)
  Rendered layout layouts/application.html.erb (Duration: 2.5ms | GC: 0.0ms)
Completed 200 OK in 76ms (Views: 2.9ms | ActiveRecord: 0.0ms (0 queries, 0 cached) | GC: 0.0ms)


Started GET "/" for ::1 at 2024-10-30 10:33:30 +0300
  [1m[36mActiveRecord::SchemaMigration Load (0.2ms)[0m  [1m[34mSELECT "schema_migrations"."version" FROM "schema_migrations" ORDER BY "schema_migrations"."version" ASC /*application='Rediz'*/[0m
Processing by LandingController#index as HTML
  Rendering layout layouts/application.html.erb
  Rendering landing/index.html.erb within layouts/application
  Rendered landing/index.html.erb within layouts/application (Duration: 16.2ms | GC: 0.3ms)
  Rendered layout layouts/application.html.erb (Duration: 24.2ms | GC: 0.4ms)
Completed 200 OK in 230ms (Views: 30.5ms | ActiveRecord: 1.3ms (0 queries, 0 cached) | GC: 12.0ms)


Started GET "/home" for ::1 at 2024-10-30 10:33:37 +0300
Processing by HomeController#index as HTML
  Rendering layout layouts/application.html.erb
  Rendering home/index.html.erb within layouts/application
  Rendered home/index.html.erb within layouts/application (Duration: 0.7ms | GC: 0.0ms)
  Rendered layout layouts/application.html.erb (Duration: 1.6ms | GC: 0.0ms)
Completed 200 OK in 75ms (Views: 3.2ms | ActiveRecord: 0.0ms (0 queries, 0 cached) | GC: 0.0ms)


Started GET "/" for ::1 at 2024-10-30 10:34:18 +0300
Processing by LandingController#index as HTML
  Rendering layout layouts/application.html.erb
  Rendering landing/index.html.erb within layouts/application
  Rendered landing/index.html.erb within layouts/application (Duration: 1.9ms | GC: 0.0ms)
  Rendered layout layouts/application.html.erb (Duration: 4.1ms | GC: 0.0ms)
Completed 200 OK in 82ms (Views: 6.0ms | ActiveRecord: 1.2ms (0 queries, 0 cached) | GC: 0.0ms)


Started GET "/" for ::1 at 2024-10-30 10:35:21 +0300
  [1m[36mActiveRecord::SchemaMigration Load (0.2ms)[0m  [1m[34mSELECT "schema_migrations"."version" FROM "schema_migrations" ORDER BY "schema_migrations"."version" ASC /*application='Rediz'*/[0m
Processing by LandingController#index as HTML
  Rendering layout layouts/application.html.erb
  Rendering landing/index.html.erb within layouts/application
  Rendered landing/index.html.erb within layouts/application (Duration: 17.9ms | GC: 0.1ms)
  Rendered layout layouts/application.html.erb (Duration: 33.4ms | GC: 1.0ms)
Completed 200 OK in 258ms (Views: 38.5ms | ActiveRecord: 1.3ms (0 queries, 0 cached) | GC: 20.2ms)


Started GET "/assets/application-874cc927.css" for ::1 at 2024-10-30 10:35:21 +0300
Started GET "/home" for ::1 at 2024-10-30 10:35:29 +0300
Processing by HomeController#index as HTML
  Rendering layout layouts/application.html.erb
  Rendering home/index.html.erb within layouts/application
  Rendered home/index.html.erb within layouts/application (Duration: 0.6ms | GC: 0.0ms)
  Rendered layout layouts/application.html.erb (Duration: 1.3ms | GC: 0.0ms)
Completed 200 OK in 74ms (Views: 2.2ms | ActiveRecord: 0.0ms (0 queries, 0 cached) | GC: 0.0ms)


Started GET "/home/profile" for ::1 at 2024-10-30 10:35:30 +0300
Processing by HomeController#profile as HTML
  Rendering layout layouts/application.html.erb
  Rendering home/profile.html.erb within layouts/application
  Rendered home/profile.html.erb within layouts/application (Duration: 0.4ms | GC: 0.0ms)
  Rendered layout layouts/application.html.erb (Duration: 1.4ms | GC: 0.0ms)
Completed 200 OK in 77ms (Views: 1.8ms | ActiveRecord: 0.0ms (0 queries, 0 cached) | GC: 0.0ms)


Started GET "/home/tasks" for ::1 at 2024-10-30 10:35:30 +0300
Processing by HomeController#tasks as HTML
  Rendering layout layouts/application.html.erb
  Rendering home/tasks.html.erb within layouts/application
  Rendered home/tasks.html.erb within layouts/application (Duration: 0.5ms | GC: 0.0ms)
  Rendered layout layouts/application.html.erb (Duration: 1.4ms | GC: 0.0ms)
Completed 200 OK in 72ms (Views: 1.8ms | ActiveRecord: 0.0ms (0 queries, 0 cached) | GC: 0.0ms)


Started GET "/home/feed" for ::1 at 2024-10-30 10:35:30 +0300
Processing by HomeController#feed as HTML
  Rendering layout layouts/application.html.erb
  Rendering home/feed.html.erb within layouts/application
  Rendered home/feed.html.erb within layouts/application (Duration: 0.4ms | GC: 0.0ms)
  Rendered layout layouts/application.html.erb (Duration: 1.2ms | GC: 0.0ms)
Completed 200 OK in 73ms (Views: 1.6ms | ActiveRecord: 0.0ms (0 queries, 0 cached) | GC: 0.0ms)


Started GET "/home/tasks" for ::1 at 2024-10-30 10:35:33 +0300
Processing by HomeController#tasks as HTML
  Rendering layout layouts/application.html.erb
  Rendering home/tasks.html.erb within layouts/application
  Rendered home/tasks.html.erb within layouts/application (Duration: 0.1ms | GC: 0.0ms)
  Rendered layout layouts/application.html.erb (Duration: 0.7ms | GC: 0.0ms)
Completed 200 OK in 75ms (Views: 1.0ms | ActiveRecord: 0.0ms (0 queries, 0 cached) | GC: 0.0ms)


Started GET "/home/profile" for ::1 at 2024-10-30 10:35:34 +0300
Processing by HomeController#profile as HTML
  Rendering layout layouts/application.html.erb
  Rendering home/profile.html.erb within layouts/application
  Rendered home/profile.html.erb within layouts/application (Duration: 0.1ms | GC: 0.0ms)
  Rendered layout layouts/application.html.erb (Duration: 0.7ms | GC: 0.0ms)
Completed 200 OK in 72ms (Views: 0.9ms | ActiveRecord: 0.0ms (0 queries, 0 cached) | GC: 0.0ms)


